2024-12-09 10:00:15 [main] INFO  c.s.p.ProductCatalogApiApplication - Starting ProductCatalogApiApplication using Java 17.0.11 with PID 60034 (/Users/ankitkumar15.vc/Desktop/product-catalog-api/target/classes started by ankitkumar15.vc in /Users/ankitkumar15.vc/Desktop/product-catalog-api)
2024-12-09 10:00:15 [main] DEBUG c.s.p.ProductCatalogApiApplication - Running with Spring Boot v3.4.0, Spring v6.2.0
2024-12-09 10:00:15 [main] INFO  c.s.p.ProductCatalogApiApplication - The following 1 profile is active: "dev"
2024-12-09 10:00:16 [main] INFO  o.s.d.r.c.RepositoryConfigurationDelegate - Bootstrapping Spring Data JPA repositories in DEFAULT mode.
2024-12-09 10:00:16 [main] INFO  o.s.d.r.c.RepositoryConfigurationDelegate - Finished Spring Data repository scanning in 41 ms. Found 1 JPA repository interface.
2024-12-09 10:00:17 [main] INFO  o.s.b.w.e.tomcat.TomcatWebServer - Tomcat initialized with port 8080 (http)
2024-12-09 10:00:17 [main] INFO  o.a.catalina.core.StandardService - Starting service [Tomcat]
2024-12-09 10:00:17 [main] INFO  o.a.catalina.core.StandardEngine - Starting Servlet engine: [Apache Tomcat/10.1.33]
2024-12-09 10:00:17 [main] INFO  o.a.c.c.C.[Tomcat].[localhost].[/] - Initializing Spring embedded WebApplicationContext
2024-12-09 10:00:17 [main] INFO  o.s.b.w.s.c.ServletWebServerApplicationContext - Root WebApplicationContext: initialization completed in 1670 ms
2024-12-09 10:00:17 [main] INFO  com.zaxxer.hikari.HikariDataSource - HikariPool-1 - Starting...
2024-12-09 10:00:17 [main] INFO  com.zaxxer.hikari.pool.HikariPool - HikariPool-1 - Added connection conn0: url=jdbc:h2:mem:dev user=SA
2024-12-09 10:00:17 [main] INFO  com.zaxxer.hikari.HikariDataSource - HikariPool-1 - Start completed.
2024-12-09 10:00:17 [main] INFO  o.s.b.a.h.H2ConsoleAutoConfiguration - H2 console available at '/h2-console'. Database available at 'jdbc:h2:mem:dev'
2024-12-09 10:00:18 [main] INFO  o.s.o.j.p.SpringPersistenceUnitInfo - No LoadTimeWeaver setup: ignoring JPA class transformer
2024-12-09 10:00:19 [main] INFO  o.s.o.j.LocalContainerEntityManagerFactoryBean - Initialized JPA EntityManagerFactory for persistence unit 'default'
2024-12-09 10:00:19 [main] WARN  o.s.b.a.o.j.JpaBaseConfiguration$JpaWebConfiguration - spring.jpa.open-in-view is enabled by default. Therefore, database queries may be performed during view rendering. Explicitly configure spring.jpa.open-in-view to disable this warning
2024-12-09 10:00:20 [main] INFO  o.s.b.w.e.tomcat.TomcatWebServer - Tomcat started on port 8080 (http) with context path '/'
2024-12-09 10:00:20 [main] INFO  c.s.p.ProductCatalogApiApplication - Started ProductCatalogApiApplication in 5.367 seconds (process running for 6.366)
2024-12-09 10:00:47 [http-nio-127.0.0.1-8080-exec-1] INFO  o.a.c.c.C.[Tomcat].[localhost].[/] - Initializing Spring DispatcherServlet 'dispatcherServlet'
2024-12-09 10:00:47 [http-nio-127.0.0.1-8080-exec-1] INFO  o.s.web.servlet.DispatcherServlet - Initializing Servlet 'dispatcherServlet'
2024-12-09 10:00:47 [http-nio-127.0.0.1-8080-exec-1] INFO  o.s.web.servlet.DispatcherServlet - Completed initialization in 1 ms
2024-12-09 10:00:48 [http-nio-127.0.0.1-8080-exec-4] INFO  o.s.api.AbstractOpenApiResource - Init duration for springdoc-openapi is: 422 ms
2024-12-09 10:01:02 [http-nio-127.0.0.1-8080-exec-5] INFO  c.s.p.s.impl.ProductServiceImpl - Loading products from external API: https://dummyjson.com/products
2024-12-09 10:01:04 [http-nio-127.0.0.1-8080-exec-5] INFO  c.s.p.s.impl.ProductServiceImpl - Successfully fetched products from external API
2024-12-09 10:01:05 [http-nio-127.0.0.1-8080-exec-5] INFO  c.s.p.s.impl.ProductServiceImpl - Saved 30 products
2024-12-09 10:02:18 [main] INFO  c.s.p.ProductCatalogApiApplicationTests - Starting ProductCatalogApiApplicationTests using Java 17.0.11 with PID 60242 (started by ankitkumar15.vc in /Users/ankitkumar15.vc/Desktop/product-catalog-api)
2024-12-09 10:02:18 [main] DEBUG c.s.p.ProductCatalogApiApplicationTests - Running with Spring Boot v3.4.0, Spring v6.2.0
2024-12-09 10:02:18 [main] INFO  c.s.p.ProductCatalogApiApplicationTests - The following 1 profile is active: "dev"
2024-12-09 10:02:19 [main] INFO  o.s.d.r.c.RepositoryConfigurationDelegate - Bootstrapping Spring Data JPA repositories in DEFAULT mode.
2024-12-09 10:02:19 [main] INFO  o.s.d.r.c.RepositoryConfigurationDelegate - Finished Spring Data repository scanning in 78 ms. Found 1 JPA repository interface.
2024-12-09 10:02:20 [main] INFO  o.s.o.j.p.SpringPersistenceUnitInfo - No LoadTimeWeaver setup: ignoring JPA class transformer
2024-12-09 10:02:20 [main] INFO  com.zaxxer.hikari.HikariDataSource - HikariPool-1 - Starting...
2024-12-09 10:02:21 [main] INFO  com.zaxxer.hikari.pool.HikariPool - HikariPool-1 - Added connection conn0: url=jdbc:h2:mem:dev user=SA
2024-12-09 10:02:21 [main] INFO  com.zaxxer.hikari.HikariDataSource - HikariPool-1 - Start completed.
2024-12-09 10:02:24 [main] INFO  o.s.o.j.LocalContainerEntityManagerFactoryBean - Initialized JPA EntityManagerFactory for persistence unit 'default'
2024-12-09 10:02:24 [main] WARN  o.s.b.a.o.j.JpaBaseConfiguration$JpaWebConfiguration - spring.jpa.open-in-view is enabled by default. Therefore, database queries may be performed during view rendering. Explicitly configure spring.jpa.open-in-view to disable this warning
2024-12-09 10:02:25 [main] INFO  o.s.b.a.h.H2ConsoleAutoConfiguration - H2 console available at '/h2-console'. Database available at 'jdbc:h2:mem:dev'
2024-12-09 10:02:25 [main] INFO  c.s.p.ProductCatalogApiApplicationTests - Started ProductCatalogApiApplicationTests in 7.918 seconds (process running for 9.707)
2024-12-09 10:02:26 [SpringApplicationShutdownHook] INFO  o.s.o.j.LocalContainerEntityManagerFactoryBean - Closing JPA EntityManagerFactory for persistence unit 'default'
2024-12-09 10:02:26 [SpringApplicationShutdownHook] INFO  com.zaxxer.hikari.HikariDataSource - HikariPool-1 - Shutdown initiated...
2024-12-09 10:02:26 [SpringApplicationShutdownHook] INFO  com.zaxxer.hikari.HikariDataSource - HikariPool-1 - Shutdown completed.
